<?xml version="1.0" encoding="UTF-8"?>
<testng-results skipped="0" failed="0" ignored="0" total="4" passed="4">
  <reporter-output>
  </reporter-output>
  <suite name="TM-JULY-SELENIUM" duration-ms="12850" started-at="2022-09-10T10:01:06 IST" finished-at="2022-09-10T10:01:18 IST">
    <groups>
    </groups>
    <test name="Smoketest" duration-ms="12850" started-at="2022-09-10T10:01:06 IST" finished-at="2022-09-10T10:01:18 IST">
      <class name="com.testcases.TC_01">
        <test-method status="PASS" signature="beforeSuite()[pri:0, instance:com.testcases.TC_01@47874b25]" name="beforeSuite" is-config="true" duration-ms="12189" started-at="2022-09-10T10:00:53 IST" finished-at="2022-09-10T10:01:06 IST">
          <reporter-output>
          </reporter-output>
        </test-method> <!-- beforeSuite -->
        <test-method status="PASS" signature="userLogin()[pri:1, instance:com.testcases.TC_01@47874b25]" name="userLogin" duration-ms="4655" started-at="2022-09-10T10:01:06 IST" finished-at="2022-09-10T10:01:10 IST">
          <reporter-output>
          </reporter-output>
        </test-method> <!-- userLogin -->
        <test-method status="PASS" signature="afterMethod()[pri:0, instance:com.testcases.TC_01@47874b25]" name="afterMethod" is-config="true" duration-ms="1" started-at="2022-09-10T10:01:11 IST" finished-at="2022-09-10T10:01:11 IST">
          <reporter-output>
          </reporter-output>
        </test-method> <!-- afterMethod -->
        <test-method status="PASS" signature="validateUserCredentials(java.lang.String, java.lang.String)[pri:2, instance:com.testcases.TC_01@47874b25]" name="validateUserCredentials" duration-ms="2655" started-at="2022-09-10T10:01:11 IST" data-provider="invalid" depends-on-methods="com.testcases.TC_01.userLogin" finished-at="2022-09-10T10:01:13 IST">
          <params>
            <param index="0">
              <value>
                <![CDATA[tyuu@gmail.com]]>
              </value>
            </param>
            <param index="1">
              <value>
                <![CDATA[pwd234]]>
              </value>
            </param>
          </params>
          <reporter-output>
          </reporter-output>
        </test-method> <!-- validateUserCredentials -->
        <test-method status="PASS" signature="afterMethod()[pri:0, instance:com.testcases.TC_01@47874b25]" name="afterMethod" is-config="true" duration-ms="1" started-at="2022-09-10T10:01:13 IST" finished-at="2022-09-10T10:01:13 IST">
          <reporter-output>
          </reporter-output>
        </test-method> <!-- afterMethod -->
        <test-method status="PASS" signature="validateUserCredentials(java.lang.String, java.lang.String)[pri:2, instance:com.testcases.TC_01@47874b25]" name="validateUserCredentials" duration-ms="2233" started-at="2022-09-10T10:01:13 IST" data-provider="invalid" depends-on-methods="com.testcases.TC_01.userLogin" finished-at="2022-09-10T10:01:16 IST">
          <params>
            <param index="0">
              <value>
                <![CDATA[yhgf@gmail.com]]>
              </value>
            </param>
            <param index="1">
              <value>
                <![CDATA[pwd234]]>
              </value>
            </param>
          </params>
          <reporter-output>
          </reporter-output>
        </test-method> <!-- validateUserCredentials -->
        <test-method status="PASS" signature="afterMethod()[pri:0, instance:com.testcases.TC_01@47874b25]" name="afterMethod" is-config="true" duration-ms="1" started-at="2022-09-10T10:01:16 IST" finished-at="2022-09-10T10:01:16 IST">
          <reporter-output>
          </reporter-output>
        </test-method> <!-- afterMethod -->
        <test-method status="PASS" signature="validateUserCredentials(java.lang.String, java.lang.String)[pri:2, instance:com.testcases.TC_01@47874b25]" name="validateUserCredentials" duration-ms="2806" started-at="2022-09-10T10:01:16 IST" data-provider="invalid" depends-on-methods="com.testcases.TC_01.userLogin" finished-at="2022-09-10T10:01:18 IST">
          <params>
            <param index="0">
              <value>
                <![CDATA[tabcg@gmail.com]]>
              </value>
            </param>
            <param index="1">
              <value>
                <![CDATA[pwd234]]>
              </value>
            </param>
          </params>
          <reporter-output>
          </reporter-output>
        </test-method> <!-- validateUserCredentials -->
        <test-method status="PASS" signature="afterMethod()[pri:0, instance:com.testcases.TC_01@47874b25]" name="afterMethod" is-config="true" duration-ms="1" started-at="2022-09-10T10:01:18 IST" finished-at="2022-09-10T10:01:18 IST">
          <reporter-output>
          </reporter-output>
        </test-method> <!-- afterMethod -->
      </class> <!-- com.testcases.TC_01 -->
    </test> <!-- Smoketest -->
  </suite> <!-- TM-JULY-SELENIUM -->
</testng-results>
