<?xml version="1.0" encoding="UTF-8"?>
<testsuite xmlns:xsi="http://www.w3.org/2001/XMLSchema-instance" xsi:noNamespaceSchemaLocation="https://maven.apache.org/surefire/maven-surefire-plugin/xsd/surefire-test-report-3.0.xsd" version="3.0" name="TestSuite" time="27.882" tests="4" errors="0" skipped="0" failures="0">
  <properties>
[...]
</properties>
  <testcase name="userLogin" classname="com.testcases.TC_01" time="4.659">
    <system-out><![CDATA[[TestNGContentHandler] [WARN] It is strongly recommended to add "<!DOCTYPE suite SYSTEM "https://testng.org/testng-1.0.dtd" >" at the top of your file, otherwise TestNG may fail or not work as expected.
...
... TestNG 7.0.0 by CÃ©dric Beust (cedric@beust.com)
...

]]></system-out>
    <system-err><![CDATA[[main] INFO io.github.bonigarcia.wdm.WebDriverManager - Using chromedriver 105.0.5195.52 (resolved driver for Chrome 105)
[main] INFO io.github.bonigarcia.wdm.WebDriverManager - Exporting webdriver.chrome.driver as C:\Users\DELL\.cache\selenium\chromedriver\win32\105.0.5195.52\chromedriver.exe
Starting ChromeDriver 105.0.5195.52 (412c95e518836d8a7d97250d62b29c2ae6a26a85-refs/branch-heads/5195@{#853}) on port 32826
Only local connections are allowed.
Please see https://chromedriver.chromium.org/security-considerations for suggestions on keeping ChromeDriver safe.
ChromeDriver was started successfully.
Sep 10, 2022 10:00:58 AM org.openqa.selenium.remote.ProtocolHandshake createSession
INFO: Detected dialect: W3C
Sep 10, 2022 10:01:10 AM com.genericmethods.WebLib getPageTitle
INFO: Getting page title
Sep 10, 2022 10:01:10 AM com.genericmethods.WebLib checkElementExist
INFO: Finding element : Authentication Header on the page :Authentication
]]></system-err>
  </testcase>
  <testcase name="validateUserCredentials[tyuu@gmail.com, pwd234](1)" classname="com.testcases.TC_01" time="2.655">
    <system-err><![CDATA[Sep 10, 2022 10:01:13 AM com.genericmethods.WebLib checkElementExist
INFO: Finding element : Authentication Header on the page :Authentication
]]></system-err>
  </testcase>
  <testcase name="validateUserCredentials[yhgf@gmail.com, pwd234](2)" classname="com.testcases.TC_01" time="2.234">
    <system-err><![CDATA[Sep 10, 2022 10:01:15 AM com.genericmethods.WebLib checkElementExist
INFO: Finding element : Authentication Header on the page :Authentication
]]></system-err>
  </testcase>
  <testcase name="validateUserCredentials[tabcg@gmail.com, pwd234](3)" classname="com.testcases.TC_01" time="2.824">
    <system-err><![CDATA[Sep 10, 2022 10:01:18 AM com.genericmethods.WebLib checkElementExist
INFO: Finding element : Authentication Header on the page :Authentication
]]></system-err>
  </testcase>
</testsuite>