<?xml version="1.0" encoding="UTF-8"?>
<!-- Generated by org.testng.reporters.JUnitXMLReporter -->
<testsuite hostname="DESKTOP-2C5OJD0" ignored="0" name="Smoketest" tests="4" failures="0" timestamp="2022-09-10T10:01:18 IST" time="12.85" errors="0">
  <testcase name="userLogin" time="4.655" classname="com.testcases.TC_01"/>
  <testcase name="validateUserCredentials" time="2.655" classname="com.testcases.TC_01"/>
  <testcase name="validateUserCredentials" time="2.233" classname="com.testcases.TC_01"/>
  <testcase name="validateUserCredentials" time="2.806" classname="com.testcases.TC_01"/>
</testsuite> <!-- Smoketest -->
